{
  "stats": {
    "suites": 2,
    "tests": 6,
    "passes": 4,
    "pending": 0,
    "failures": 2,
    "start": "2025-11-08T21:43:52.479Z",
    "end": "2025-11-08T21:43:52.555Z",
    "duration": 76,
    "testsRegistered": 6,
    "passPercent": 66.66666666666666,
    "pendingPercent": 0,
    "other": 0,
    "hasOther": false,
    "skipped": 0,
    "hasSkipped": false
  },
  "results": [
    {
      "uuid": "2bfd8a7a-304c-45a1-8135-51cc7074a663",
      "title": "",
      "fullFile": "",
      "file": "",
      "beforeHooks": [],
      "afterHooks": [],
      "tests": [],
      "suites": [
        {
          "uuid": "b6539f9f-3bea-4439-95db-30f94232e87d",
          "title": "Login de Bibliotecário",
          "fullFile": "C:\\Projetos\\gestao-biblioteca\\test\\bibliotecario\\login.test.js",
          "file": "\\test\\bibliotecario\\login.test.js",
          "beforeHooks": [],
          "afterHooks": [],
          "tests": [
            {
              "title": "Deve autenticar com credenciais válidas",
              "fullTitle": "Login de Bibliotecário Deve autenticar com credenciais válidas",
              "timedOut": false,
              "duration": 37,
              "state": "passed",
              "speed": "fast",
              "pass": true,
              "fail": false,
              "pending": false,
              "context": null,
              "code": "const res = await request(baseURL)\n  .post('/api/bibliotecarios/login')\n  .send(logins[0]);\nexpect(res.status).to.equal(200);\nexpect(res.body).to.have.property('token');",
              "err": {},
              "uuid": "fdf10f95-3916-4bc1-988f-8eeaa40849f5",
              "parentUUID": "b6539f9f-3bea-4439-95db-30f94232e87d",
              "isHook": false,
              "skipped": false
            },
            {
              "title": "Deve falhar ao autenticar com credenciais inválidas",
              "fullTitle": "Login de Bibliotecário Deve falhar ao autenticar com credenciais inválidas",
              "timedOut": false,
              "duration": 3,
              "state": "passed",
              "speed": "fast",
              "pass": true,
              "fail": false,
              "pending": false,
              "context": null,
              "code": "const res = await request(baseURL)\n  .post('/api/bibliotecarios/login')\n  .send(logins[1]);\nexpect(res.status).to.equal(401);",
              "err": {},
              "uuid": "d2d04760-f813-4120-a9ea-b97fb614cfc2",
              "parentUUID": "b6539f9f-3bea-4439-95db-30f94232e87d",
              "isHook": false,
              "skipped": false
            },
            {
              "title": "Deve falhar ao autenticar sem preencher campos obrigatórios",
              "fullTitle": "Login de Bibliotecário Deve falhar ao autenticar sem preencher campos obrigatórios",
              "timedOut": false,
              "duration": 7,
              "state": "failed",
              "speed": null,
              "pass": false,
              "fail": true,
              "pending": false,
              "context": null,
              "code": "const res = await request(baseURL)\n  .post('/api/bibliotecarios/login')\n  .send(logins[2]);\nexpect(res.status).to.equal(400);",
              "err": {
                "message": "AssertionError: expected 401 to equal 400",
                "estack": "AssertionError: expected 401 to equal 400\n    at Context.<anonymous> (test\\bibliotecario\\login.test.js:27:27)\n    at process.processTicksAndRejections (node:internal/process/task_queues:105:5)",
                "diff": "- 401\n+ 400\n"
              },
              "uuid": "a9d66c7f-cf6f-42d3-a6c7-139c04dad0e4",
              "parentUUID": "b6539f9f-3bea-4439-95db-30f94232e87d",
              "isHook": false,
              "skipped": false
            }
          ],
          "suites": [],
          "passes": [
            "fdf10f95-3916-4bc1-988f-8eeaa40849f5",
            "d2d04760-f813-4120-a9ea-b97fb614cfc2"
          ],
          "failures": [
            "a9d66c7f-cf6f-42d3-a6c7-139c04dad0e4"
          ],
          "pending": [],
          "skipped": [],
          "duration": 47,
          "root": false,
          "rootEmpty": false,
          "_timeout": 2000
        },
        {
          "uuid": "b1d73f6a-b137-40f4-a2e5-95826f570319",
          "title": "Registro de Bibliotecário",
          "fullFile": "C:\\Projetos\\gestao-biblioteca\\test\\bibliotecario\\register.test.js",
          "file": "\\test\\bibliotecario\\register.test.js",
          "beforeHooks": [],
          "afterHooks": [],
          "tests": [
            {
              "title": "Deve registrar um usuário que ainda não existe",
              "fullTitle": "Registro de Bibliotecário Deve registrar um usuário que ainda não existe",
              "timedOut": false,
              "duration": 5,
              "state": "failed",
              "speed": null,
              "pass": false,
              "fail": true,
              "pending": false,
              "context": null,
              "code": "const res = await request(baseURL)\n  .post('/api/bibliotecarios/register')\n  .send(bibliotecarios[0]);\nexpect(res.status).to.equal(201);\nexpect(res.body).to.have.property('id');",
              "err": {
                "message": "AssertionError: expected 409 to equal 201",
                "estack": "AssertionError: expected 409 to equal 201\n    at Context.<anonymous> (test\\bibliotecario\\register.test.js:12:27)\n    at process.processTicksAndRejections (node:internal/process/task_queues:105:5)",
                "diff": "- 409\n+ 201\n"
              },
              "uuid": "059207f3-7635-4e4e-a7c2-6eb0de83b5bb",
              "parentUUID": "b1d73f6a-b137-40f4-a2e5-95826f570319",
              "isHook": false,
              "skipped": false
            },
            {
              "title": "Deve falhar ao registrar um usuário já existente",
              "fullTitle": "Registro de Bibliotecário Deve falhar ao registrar um usuário já existente",
              "timedOut": false,
              "duration": 4,
              "state": "passed",
              "speed": "fast",
              "pass": true,
              "fail": false,
              "pending": false,
              "context": null,
              "code": "const res = await request(baseURL)\n  .post('/api/bibliotecarios/register')\n  .send(bibliotecarios[1]);\nexpect(res.status).to.equal(409);",
              "err": {},
              "uuid": "19e970fd-0c8c-4e5f-b822-f00a6499c86e",
              "parentUUID": "b1d73f6a-b137-40f4-a2e5-95826f570319",
              "isHook": false,
              "skipped": false
            },
            {
              "title": "Deve falhar ao registrar sem preencher todos os campos obrigatórios",
              "fullTitle": "Registro de Bibliotecário Deve falhar ao registrar sem preencher todos os campos obrigatórios",
              "timedOut": false,
              "duration": 3,
              "state": "passed",
              "speed": "fast",
              "pass": true,
              "fail": false,
              "pending": false,
              "context": null,
              "code": "const res = await request(baseURL)\n  .post('/api/bibliotecarios/register')\n  .send(bibliotecarios[2]);\nexpect(res.status).to.equal(400);",
              "err": {},
              "uuid": "b6ce5370-f115-4d03-8a04-fb03a7988972",
              "parentUUID": "b1d73f6a-b137-40f4-a2e5-95826f570319",
              "isHook": false,
              "skipped": false
            }
          ],
          "suites": [],
          "passes": [
            "19e970fd-0c8c-4e5f-b822-f00a6499c86e",
            "b6ce5370-f115-4d03-8a04-fb03a7988972"
          ],
          "failures": [
            "059207f3-7635-4e4e-a7c2-6eb0de83b5bb"
          ],
          "pending": [],
          "skipped": [],
          "duration": 12,
          "root": false,
          "rootEmpty": false,
          "_timeout": 2000
        }
      ],
      "passes": [],
      "failures": [],
      "pending": [],
      "skipped": [],
      "duration": 0,
      "root": true,
      "rootEmpty": true,
      "_timeout": 2000
    }
  ],
  "meta": {
    "mocha": {
      "version": "11.7.5"
    },
    "mochawesome": {
      "options": {
        "quiet": false,
        "reportFilename": "mochawesome",
        "saveHtml": true,
        "saveJson": true,
        "consoleReporter": "spec",
        "useInlineDiffs": false,
        "code": true
      },
      "version": "7.1.4"
    },
    "marge": {
      "options": null,
      "version": "6.3.2"
    }
  }
}