{
  "stats": {
    "suites": 1,
    "tests": 3,
    "passes": 3,
    "pending": 0,
    "failures": 0,
    "start": "2025-11-19T23:45:34.929Z",
    "end": "2025-11-19T23:45:35.021Z",
    "duration": 92,
    "testsRegistered": 3,
    "passPercent": 100,
    "pendingPercent": 0,
    "other": 0,
    "hasOther": false,
    "skipped": 0,
    "hasSkipped": false
  },
  "results": [
    {
      "uuid": "37a2216a-ca43-4713-92c2-d9923509fe75",
      "title": "",
      "fullFile": "C:\\Projetos\\gestao-biblioteca\\test\\bibliotecario\\register.test.js",
      "file": "\\test\\bibliotecario\\register.test.js",
      "beforeHooks": [],
      "afterHooks": [],
      "tests": [],
      "suites": [
        {
          "uuid": "baee409f-5b50-45f9-8aaf-e6bd08c33e88",
          "title": "Registro de Bibliotecário",
          "fullFile": "C:\\Projetos\\gestao-biblioteca\\test\\bibliotecario\\register.test.js",
          "file": "\\test\\bibliotecario\\register.test.js",
          "beforeHooks": [],
          "afterHooks": [],
          "tests": [
            {
              "title": "Deve registrar um usuário que ainda não existe",
              "fullTitle": "Registro de Bibliotecário Deve registrar um usuário que ainda não existe",
              "timedOut": false,
              "duration": 74,
              "state": "passed",
              "speed": "medium",
              "pass": true,
              "fail": false,
              "pending": false,
              "context": null,
              "code": "const res = await request(baseURL)\n  .post('/api/bibliotecarios/register')\n  .send(bibliotecarios[0]);\nexpect(res.status).to.equal(201);\nexpect(res.body).to.have.property('id');",
              "err": {},
              "uuid": "e5e29ede-2719-4408-86ce-c65c9b106a51",
              "parentUUID": "baee409f-5b50-45f9-8aaf-e6bd08c33e88",
              "isHook": false,
              "skipped": false
            },
            {
              "title": "Deve falhar ao registrar um usuário já existente",
              "fullTitle": "Registro de Bibliotecário Deve falhar ao registrar um usuário já existente",
              "timedOut": false,
              "duration": 4,
              "state": "passed",
              "speed": "fast",
              "pass": true,
              "fail": false,
              "pending": false,
              "context": null,
              "code": "const res = await request(baseURL)\n  .post('/api/bibliotecarios/register')\n  .send(bibliotecarios[1]);\nexpect(res.status).to.equal(409);",
              "err": {},
              "uuid": "707e42f4-b2c2-4b76-9f2d-d82ac9412343",
              "parentUUID": "baee409f-5b50-45f9-8aaf-e6bd08c33e88",
              "isHook": false,
              "skipped": false
            },
            {
              "title": "Deve falhar ao registrar sem preencher todos os campos obrigatórios",
              "fullTitle": "Registro de Bibliotecário Deve falhar ao registrar sem preencher todos os campos obrigatórios",
              "timedOut": false,
              "duration": 4,
              "state": "passed",
              "speed": "fast",
              "pass": true,
              "fail": false,
              "pending": false,
              "context": null,
              "code": "const res = await request(baseURL)\n  .post('/api/bibliotecarios/register')\n  .send(bibliotecarios[2]);\nexpect(res.status).to.equal(400);",
              "err": {},
              "uuid": "bd9058f7-bdee-47ca-9443-52d8403e457e",
              "parentUUID": "baee409f-5b50-45f9-8aaf-e6bd08c33e88",
              "isHook": false,
              "skipped": false
            }
          ],
          "suites": [],
          "passes": [
            "e5e29ede-2719-4408-86ce-c65c9b106a51",
            "707e42f4-b2c2-4b76-9f2d-d82ac9412343",
            "bd9058f7-bdee-47ca-9443-52d8403e457e"
          ],
          "failures": [],
          "pending": [],
          "skipped": [],
          "duration": 82,
          "root": false,
          "rootEmpty": false,
          "_timeout": 2000
        }
      ],
      "passes": [],
      "failures": [],
      "pending": [],
      "skipped": [],
      "duration": 0,
      "root": true,
      "rootEmpty": true,
      "_timeout": 2000
    }
  ],
  "meta": {
    "mocha": {
      "version": "11.7.5"
    },
    "mochawesome": {
      "options": {
        "quiet": false,
        "reportFilename": "mochawesome",
        "saveHtml": true,
        "saveJson": true,
        "consoleReporter": "spec",
        "useInlineDiffs": false,
        "code": true
      },
      "version": "7.1.4"
    },
    "marge": {
      "options": null,
      "version": "6.3.2"
    }
  }
}